2024-11-15 22:48:46 [ERROR]: uncaughtException: customLevels is not defined
ReferenceError: customLevels is not defined
    at file:///E:/javascript%20learning/my-express-project/src/utils/logger.js:104:19
    at ModuleJob.run (node:internal/modules/esm/module_job:262:25)
    at async onImport.tracePromise.__proto__ (node:internal/modules/esm/loader:482:26)
    at async asyncRunEntryPointWithESMLoader (node:internal/modules/run_main:117:5)
2024-11-15 22:48:55 [ERROR]: uncaughtException: customLevels is not defined
ReferenceError: customLevels is not defined
    at file:///E:/javascript%20learning/my-express-project/src/utils/logger.js:104:19
    at ModuleJob.run (node:internal/modules/esm/module_job:262:25)
    at async onImport.tracePromise.__proto__ (node:internal/modules/esm/loader:482:26)
    at async asyncRunEntryPointWithESMLoader (node:internal/modules/run_main:117:5)
2024-11-15 22:50:11 [ERROR]: uncaughtException: customLevels is not defined
ReferenceError: customLevels is not defined
    at file:///E:/javascript%20learning/my-express-project/src/utils/logger.js:104:19
    at ModuleJob.run (node:internal/modules/esm/module_job:262:25)
    at async onImport.tracePromise.__proto__ (node:internal/modules/esm/loader:482:26)
    at async asyncRunEntryPointWithESMLoader (node:internal/modules/run_main:117:5)
2024-11-15 22:52:04 [ERROR]: uncaughtException: customLevels is not defined
ReferenceError: customLevels is not defined
    at file:///E:/javascript%20learning/my-express-project/src/utils/logger.js:104:19
    at ModuleJob.run (node:internal/modules/esm/module_job:262:25)
    at async onImport.tracePromise.__proto__ (node:internal/modules/esm/loader:482:26)
    at async asyncRunEntryPointWithESMLoader (node:internal/modules/run_main:117:5)
2024-11-15 22:53:57 [ERROR]: uncaughtException: customLevels is not defined
ReferenceError: customLevels is not defined
    at file:///E:/javascript%20learning/my-express-project/src/utils/logger.js:104:19
    at ModuleJob.run (node:internal/modules/esm/module_job:262:25)
    at async onImport.tracePromise.__proto__ (node:internal/modules/esm/loader:482:26)
    at async asyncRunEntryPointWithESMLoader (node:internal/modules/run_main:117:5)
2024-11-15 22:54:12 [ERROR]: uncaughtException: customLevels is not defined
ReferenceError: customLevels is not defined
    at file:///E:/javascript%20learning/my-express-project/src/utils/logger.js:104:19
    at ModuleJob.run (node:internal/modules/esm/module_job:262:25)
    at async onImport.tracePromise.__proto__ (node:internal/modules/esm/loader:482:26)
    at async asyncRunEntryPointWithESMLoader (node:internal/modules/run_main:117:5)
2024-11-15 22:54:36 [ERROR]: uncaughtException: customLevels is not defined
ReferenceError: customLevels is not defined
    at file:///E:/javascript%20learning/my-express-project/src/utils/logger.js:104:19
    at ModuleJob.run (node:internal/modules/esm/module_job:262:25)
    at async onImport.tracePromise.__proto__ (node:internal/modules/esm/loader:482:26)
    at async asyncRunEntryPointWithESMLoader (node:internal/modules/run_main:117:5)
2024-11-16 16:33:50 [ERROR]: uncaughtException: validateEnvAppPort is not defined
ReferenceError: validateEnvAppPort is not defined
    at file:///E:/javascript%20learning/my-express-project/src/frontend_index.js:43:1
    at ModuleJob.run (node:internal/modules/esm/module_job:262:25)
    at async onImport.tracePromise.__proto__ (node:internal/modules/esm/loader:482:26)
    at async asyncRunEntryPointWithESMLoader (node:internal/modules/run_main:117:5)
2024-11-16 16:34:33 [ERROR]: uncaughtException: validateEnvAppPort is not defined
ReferenceError: validateEnvAppPort is not defined
    at file:///E:/javascript%20learning/my-express-project/src/frontend_index.js:45:1
    at ModuleJob.run (node:internal/modules/esm/module_job:262:25)
    at async onImport.tracePromise.__proto__ (node:internal/modules/esm/loader:482:26)
    at async asyncRunEntryPointWithESMLoader (node:internal/modules/run_main:117:5)
2024-11-16 16:34:52 [ERROR]: uncaughtException: validateEnvAppPort is not defined
ReferenceError: validateEnvAppPort is not defined
    at file:///E:/javascript%20learning/my-express-project/src/frontend_index.js:43:1
    at ModuleJob.run (node:internal/modules/esm/module_job:262:25)
    at async onImport.tracePromise.__proto__ (node:internal/modules/esm/loader:482:26)
    at async asyncRunEntryPointWithESMLoader (node:internal/modules/run_main:117:5)
2024-11-16 16:38:16 [ERROR]: uncaughtException: validateEnvAppPort is not defined
ReferenceError: validateEnvAppPort is not defined
    at file:///E:/javascript%20learning/my-express-project/src/frontend_index.js:43:1
    at ModuleJob.run (node:internal/modules/esm/module_job:262:25)
    at async onImport.tracePromise.__proto__ (node:internal/modules/esm/loader:482:26)
    at async asyncRunEntryPointWithESMLoader (node:internal/modules/run_main:117:5)
2024-11-16 16:49:10 [ERROR]: uncaughtException: validateEnvAppPort is not defined
ReferenceError: validateEnvAppPort is not defined
    at file:///E:/javascript%20learning/my-express-project/src/frontend_index.js:43:1
    at ModuleJob.run (node:internal/modules/esm/module_job:262:25)
    at async onImport.tracePromise.__proto__ (node:internal/modules/esm/loader:482:26)
    at async asyncRunEntryPointWithESMLoader (node:internal/modules/run_main:117:5)
2024-11-16 16:49:15 [ERROR]: uncaughtException: validateEnvAppPort is not defined
ReferenceError: validateEnvAppPort is not defined
    at file:///E:/javascript%20learning/my-express-project/src/frontend_index.js:43:1
    at ModuleJob.run (node:internal/modules/esm/module_job:262:25)
    at async onImport.tracePromise.__proto__ (node:internal/modules/esm/loader:482:26)
    at async asyncRunEntryPointWithESMLoader (node:internal/modules/run_main:117:5)
2024-11-16 16:49:21 [ERROR]: uncaughtException: validateEnvAppPort is not defined
ReferenceError: validateEnvAppPort is not defined
    at file:///E:/javascript%20learning/my-express-project/src/frontend_index.js:43:1
    at ModuleJob.run (node:internal/modules/esm/module_job:262:25)
    at async onImport.tracePromise.__proto__ (node:internal/modules/esm/loader:482:26)
    at async asyncRunEntryPointWithESMLoader (node:internal/modules/run_main:117:5)
2024-11-16 16:49:30 [ERROR]: uncaughtException: validateEnvAppPort is not defined
ReferenceError: validateEnvAppPort is not defined
    at file:///E:/javascript%20learning/my-express-project/src/frontend_index.js:43:1
    at ModuleJob.run (node:internal/modules/esm/module_job:262:25)
    at async onImport.tracePromise.__proto__ (node:internal/modules/esm/loader:482:26)
    at async asyncRunEntryPointWithESMLoader (node:internal/modules/run_main:117:5)
2024-11-16 16:50:04 [ERROR]: uncaughtException: validateEnvAppPort is not defined
ReferenceError: validateEnvAppPort is not defined
    at file:///E:/javascript%20learning/my-express-project/src/frontend_index.js:43:1
    at ModuleJob.run (node:internal/modules/esm/module_job:262:25)
    at async onImport.tracePromise.__proto__ (node:internal/modules/esm/loader:482:26)
    at async asyncRunEntryPointWithESMLoader (node:internal/modules/run_main:117:5)
2024-11-16 16:50:09 [ERROR]: uncaughtException: validateEnvAppPort is not defined
ReferenceError: validateEnvAppPort is not defined
    at file:///E:/javascript%20learning/my-express-project/src/frontend_index.js:43:1
    at ModuleJob.run (node:internal/modules/esm/module_job:262:25)
    at async onImport.tracePromise.__proto__ (node:internal/modules/esm/loader:482:26)
    at async asyncRunEntryPointWithESMLoader (node:internal/modules/run_main:117:5)
2024-11-16 16:50:39 [ERROR]: uncaughtException: validateEnvAppPort is not defined
ReferenceError: validateEnvAppPort is not defined
    at file:///E:/javascript%20learning/my-express-project/src/frontend_index.js:43:1
    at ModuleJob.run (node:internal/modules/esm/module_job:262:25)
    at async onImport.tracePromise.__proto__ (node:internal/modules/esm/loader:482:26)
    at async asyncRunEntryPointWithESMLoader (node:internal/modules/run_main:117:5)
2024-11-16 16:50:49 [ERROR]: uncaughtException: validateEnvAppPort is not defined
ReferenceError: validateEnvAppPort is not defined
    at file:///E:/javascript%20learning/my-express-project/src/frontend_index.js:43:1
    at ModuleJob.run (node:internal/modules/esm/module_job:262:25)
    at async onImport.tracePromise.__proto__ (node:internal/modules/esm/loader:482:26)
    at async asyncRunEntryPointWithESMLoader (node:internal/modules/run_main:117:5)
2024-11-16 16:52:46 [ERROR]: uncaughtException: validateEnvAppPort is not defined
ReferenceError: validateEnvAppPort is not defined
    at file:///E:/javascript%20learning/my-express-project/src/frontend_index.js:34:1
    at ModuleJob.run (node:internal/modules/esm/module_job:262:25)
    at async onImport.tracePromise.__proto__ (node:internal/modules/esm/loader:482:26)
    at async asyncRunEntryPointWithESMLoader (node:internal/modules/run_main:117:5)
2024-11-16 16:53:56 [ERROR]: uncaughtException: validateEnvAppPort is not defined
ReferenceError: validateEnvAppPort is not defined
    at file:///E:/javascript%20learning/my-express-project/src/frontend_index.js:34:1
    at ModuleJob.run (node:internal/modules/esm/module_job:262:25)
    at async onImport.tracePromise.__proto__ (node:internal/modules/esm/loader:482:26)
    at async asyncRunEntryPointWithESMLoader (node:internal/modules/run_main:117:5)
2024-11-16 16:54:11 [ERROR]: uncaughtException: validateEnvAppPort is not defined
ReferenceError: validateEnvAppPort is not defined
    at file:///E:/javascript%20learning/my-express-project/src/frontend_index.js:34:1
    at ModuleJob.run (node:internal/modules/esm/module_job:262:25)
    at async onImport.tracePromise.__proto__ (node:internal/modules/esm/loader:482:26)
    at async asyncRunEntryPointWithESMLoader (node:internal/modules/run_main:117:5)
2024-11-16 17:22:30 [ERROR]: uncaughtException: validateEnvAppPort is not defined
ReferenceError: validateEnvAppPort is not defined
    at file:///E:/javascript%20learning/my-express-project/src/frontend_index.js:34:1
    at ModuleJob.run (node:internal/modules/esm/module_job:262:25)
    at async onImport.tracePromise.__proto__ (node:internal/modules/esm/loader:482:26)
    at async asyncRunEntryPointWithESMLoader (node:internal/modules/run_main:117:5)
2024-11-16 17:22:37 [ERROR]: uncaughtException: validateEnvAppPort is not defined
ReferenceError: validateEnvAppPort is not defined
    at file:///E:/javascript%20learning/my-express-project/src/frontend_index.js:34:1
    at ModuleJob.run (node:internal/modules/esm/module_job:262:25)
    at async onImport.tracePromise.__proto__ (node:internal/modules/esm/loader:482:26)
    at async asyncRunEntryPointWithESMLoader (node:internal/modules/run_main:117:5)
2024-11-16 17:22:41 [ERROR]: uncaughtException: validateEnvAppPort is not defined
ReferenceError: validateEnvAppPort is not defined
    at file:///E:/javascript%20learning/my-express-project/src/frontend_index.js:34:1
    at ModuleJob.run (node:internal/modules/esm/module_job:262:25)
    at async onImport.tracePromise.__proto__ (node:internal/modules/esm/loader:482:26)
    at async asyncRunEntryPointWithESMLoader (node:internal/modules/run_main:117:5)
2024-11-16 17:22:51 [ERROR]: uncaughtException: validateEnvAppPort is not defined
ReferenceError: validateEnvAppPort is not defined
    at file:///E:/javascript%20learning/my-express-project/src/frontend_index.js:34:1
    at ModuleJob.run (node:internal/modules/esm/module_job:262:25)
    at async onImport.tracePromise.__proto__ (node:internal/modules/esm/loader:482:26)
    at async asyncRunEntryPointWithESMLoader (node:internal/modules/run_main:117:5)
